  Admin_Menu.cpp
D:\Library system 3\Main\Library System\Admin_Menu.cpp(83,21): warning C4566: character represented by universal-character-name '\u2705' cannot be represented in the current code page (1252)
D:\Library system 3\Main\Library System\Admin_Menu.cpp(106,21): warning C4566: character represented by universal-character-name '\u2705' cannot be represented in the current code page (1252)
  Book.cpp
  Library.cpp
D:\Library system 3\Main\Library System\Library.cpp(85,17): warning C4566: character represented by universal-character-name '\u274C' cannot be represented in the current code page (1252)
D:\Library system 3\Main\Library System\Library.cpp(114,17): warning C4566: character represented by universal-character-name '\u274C' cannot be represented in the current code page (1252)
D:\Library system 3\Main\Library System\Library.cpp(157,13): warning C4566: character represented by universal-character-name '\U0001F4CA' cannot be represented in the current code page (1252)
D:\Library system 3\Main\Library System\Library.cpp(169,17): warning C4566: character represented by universal-character-name '\U0001F4C4' cannot be represented in the current code page (1252)
D:\Library system 3\Main\Library System\Library.cpp(300,21): warning C4566: character represented by universal-character-name '\u26A0' cannot be represented in the current code page (1252)
D:\Library system 3\Main\Library System\Library.cpp(300,21): warning C4566: character represented by universal-character-name '\uFE0F' cannot be represented in the current code page (1252)
D:\Library system 3\Main\Library System\Library.cpp(306,13): warning C4566: character represented by universal-character-name '\U0001F4C2' cannot be represented in the current code page (1252)
D:\Library system 3\Main\Library System\Library.cpp(344,13): warning C4566: character represented by universal-character-name '\u2705' cannot be represented in the current code page (1252)
D:\Library system 3\Main\Library System\Library.cpp(367,21): warning C4566: character represented by universal-character-name '\u2705' cannot be represented in the current code page (1252)
D:\Library system 3\Main\Library System\Library.cpp(376,17): warning C4566: character represented by universal-character-name '\u26A0' cannot be represented in the current code page (1252)
D:\Library system 3\Main\Library System\Library.cpp(376,17): warning C4566: character represented by universal-character-name '\uFE0F' cannot be represented in the current code page (1252)
D:\Library system 3\Main\Library System\Library.cpp(388,17): warning C4566: character represented by universal-character-name '\u26A0' cannot be represented in the current code page (1252)
D:\Library system 3\Main\Library System\Library.cpp(388,17): warning C4566: character represented by universal-character-name '\uFE0F' cannot be represented in the current code page (1252)
D:\Library system 3\Main\Library System\Library.cpp(430,21): warning C4566: character represented by universal-character-name '\u2705' cannot be represented in the current code page (1252)
D:\Library system 3\Main\Library System\Library.cpp(462,29): warning C4566: character represented by universal-character-name '\u2705' cannot be represented in the current code page (1252)
D:\Library system 3\Main\Library System\Library.cpp(495,29): warning C4566: character represented by universal-character-name '\u2705' cannot be represented in the current code page (1252)
D:\Library system 3\Main\Library System\Library.cpp(519,17): warning C4566: character represented by universal-character-name '\u26A0' cannot be represented in the current code page (1252)
D:\Library system 3\Main\Library System\Library.cpp(519,17): warning C4566: character represented by universal-character-name '\uFE0F' cannot be represented in the current code page (1252)
D:\Library system 3\Main\Library System\Library.cpp(525,17): warning C4566: character represented by universal-character-name '\u274C' cannot be represented in the current code page (1252)
D:\Library system 3\Main\Library System\Library.cpp(536,17): warning C4566: character represented by universal-character-name '\u26A0' cannot be represented in the current code page (1252)
D:\Library system 3\Main\Library System\Library.cpp(536,17): warning C4566: character represented by universal-character-name '\uFE0F' cannot be represented in the current code page (1252)
D:\Library system 3\Main\Library System\Library.cpp(558,21): warning C4566: character represented by universal-character-name '\u274C' cannot be represented in the current code page (1252)
D:\Library system 3\Main\Library System\Library.cpp(570,21): warning C4566: character represented by universal-character-name '\u2705' cannot be represented in the current code page (1252)
D:\Library system 3\Main\Library System\Library.cpp(576,13): warning C4566: character represented by universal-character-name '\u26A0' cannot be represented in the current code page (1252)
D:\Library system 3\Main\Library System\Library.cpp(576,13): warning C4566: character represented by universal-character-name '\uFE0F' cannot be represented in the current code page (1252)
D:\Library system 3\Main\Library System\Library.cpp(587,17): warning C4566: character represented by universal-character-name '\u26A0' cannot be represented in the current code page (1252)
D:\Library system 3\Main\Library System\Library.cpp(587,17): warning C4566: character represented by universal-character-name '\uFE0F' cannot be represented in the current code page (1252)
D:\Library system 3\Main\Library System\Library.cpp(606,21): warning C4566: character represented by universal-character-name '\u274C' cannot be represented in the current code page (1252)
D:\Library system 3\Main\Library System\Library.cpp(614,21): warning C4566: character represented by universal-character-name '\u2705' cannot be represented in the current code page (1252)
D:\Library system 3\Main\Library System\Library.cpp(620,13): warning C4566: character represented by universal-character-name '\u26A0' cannot be represented in the current code page (1252)
D:\Library system 3\Main\Library System\Library.cpp(620,13): warning C4566: character represented by universal-character-name '\uFE0F' cannot be represented in the current code page (1252)
D:\Library system 3\Main\Library System\Library.cpp(630,17): warning C4566: character represented by universal-character-name '\U0001F4CA' cannot be represented in the current code page (1252)
D:\Library system 3\Main\Library System\Library.cpp(647,13): warning C4566: character represented by universal-character-name '\U0001F4CA' cannot be represented in the current code page (1252)
D:\Library system 3\Main\Library System\Library.cpp(653,13): warning C4566: character represented by universal-character-name '\U0001F4DA' cannot be represented in the current code page (1252)
D:\Library system 3\Main\Library System\Library.cpp(677,17): warning C4566: character represented by universal-character-name '\u2705' cannot be represented in the current code page (1252)
D:\Library system 3\Main\Library System\Library.cpp(690,17): warning C4566: character represented by universal-character-name '\u2705' cannot be represented in the current code page (1252)
  Main.cpp
D:\Library system 3\Main\Library System\Main.cpp(91,29): warning C4566: character represented by universal-character-name '\u2705' cannot be represented in the current code page (1252)
D:\Library system 3\Main\Library System\Main.cpp(123,29): warning C4566: character represented by universal-character-name '\u2705' cannot be represented in the current code page (1252)
  User_Menu.cpp
  Generating Code...
  Library System.vcxproj -> D:\Library system 3\Main\x64\Debug\Library System.exe
